Using pre-set license
Built from '2020.2/release' branch; Version is '2020.2.2f1 (068178b99f32) revision 426360'; Using compiler version '192528614'; Build Type 'Release'
OS: 'Windows 10 Home; OS build 18363.1440; Version 1909; 64bit' Language: 'en' Physical Memory: 8100 MB
BatchMode: 1, IsHumanControllingUs: 0, StartBugReporterOnCrash: 0, Is64bit: 1, IsPro: 0

 COMMAND LINE ARGUMENTS:
C:\Program Files\Unity\Hub\Editor\2020.2.2f1\Editor\Unity.exe
-adb2
-batchMode
-noUpm
-name
AssetImportWorker0
-projectPath
C:/Users/Jarrod/Desktop/GitHub/2DPuzzle/2D Puzzle
-logFile
Logs/AssetImportWorker0.log
-srvPort
55278
Successfully changed project path to: C:/Users/Jarrod/Desktop/GitHub/2DPuzzle/2D Puzzle
C:/Users/Jarrod/Desktop/GitHub/2DPuzzle/2D Puzzle
Using Asset Import Pipeline V2.
Refreshing native plugins compatible for Editor in 47.81 ms, found 1 plugins.
Preloading 0 native plugins for Editor in 0.00 ms.
Initialize engine version: 2020.2.2f1 (068178b99f32)
[Subsystems] Discovering subsystems at path C:/Program Files/Unity/Hub/Editor/2020.2.2f1/Editor/Data/Resources/UnitySubsystems
[Subsystems] Discovering subsystems at path C:/Users/Jarrod/Desktop/GitHub/2DPuzzle/2D Puzzle/Assets
GfxDevice: creating device client; threaded=0
Direct3D:
    Version:  Direct3D 11.0 [level 11.0]
    Renderer: NVIDIA GeForce 940MX (ID=0x134d)
    Vendor:   
    VRAM:     2010 MB
    Driver:   27.21.14.6079
Initialize mono
Mono path[0] = 'C:/Program Files/Unity/Hub/Editor/2020.2.2f1/Editor/Data/Managed'
Mono path[1] = 'C:/Program Files/Unity/Hub/Editor/2020.2.2f1/Editor/Data/MonoBleedingEdge/lib/mono/unityjit'
Mono config path = 'C:/Program Files/Unity/Hub/Editor/2020.2.2f1/Editor/Data/MonoBleedingEdge/etc'
Using monoOptions --debugger-agent=transport=dt_socket,embedding=1,server=y,suspend=n,address=127.0.0.1:56404
Begin MonoManager ReloadAssembly
Registering precompiled unity dll's ...
Register platform support module: C:/Program Files/Unity/Hub/Editor/2020.2.2f1/Editor/Data/PlaybackEngines/WindowsStandaloneSupport/UnityEditor.WindowsStandalone.Extensions.dll
Registered in 0.002192 seconds.
Native extension for WindowsStandalone target not found
Refreshing native plugins compatible for Editor in 50.66 ms, found 1 plugins.
Preloading 0 native plugins for Editor in 0.00 ms.
Invoked RoslynAnalysisRunner static constructor.
RoslynAnalysisRunner will not be running.
RoslynAnalysisRunner has terminated.
Mono: successfully reloaded assembly
- Completed reload, in  1.408 seconds
Platform modules already initialized, skipping
Registering precompiled user dll's ...
Registered in 0.001213 seconds.
Begin MonoManager ReloadAssembly
Native extension for WindowsStandalone target not found
Refreshing native plugins compatible for Editor in 49.56 ms, found 1 plugins.
Preloading 0 native plugins for Editor in 0.00 ms.
Invoked RoslynAnalysisRunner static constructor.
RoslynAnalysisRunner will not be running.
RoslynAnalysisRunner has terminated.
Mono: successfully reloaded assembly
- Completed reload, in  1.148 seconds
Platform modules already initialized, skipping
========================================================================
Worker process is ready to serve import requests
Launched and connected shader compiler UnityShaderCompiler.exe after 0.07 seconds
Refreshing native plugins compatible for Editor in 0.47 ms, found 1 plugins.
Preloading 0 native plugins for Editor in 0.00 ms.
Unloading 1792 Unused Serialized files (Serialized files now loaded: 0)
System memory in use before: 84.2 MB.
System memory in use after: 84.1 MB.

Unloading 24 unused Assets to reduce memory usage. Loaded Objects now: 2233.
Total: 2.790500 ms (FindLiveObjects: 0.254100 ms CreateObjectMapping: 0.067500 ms MarkObjects: 2.246100 ms  DeleteObjects: 0.221800 ms)

========================================================================
Received Import Request.
  path: Assets/Scenes
  artifactKey: Guid(924a18e879c5dfd4a9893d6d42d43f09) Importer(815301076,1909f56bfc062723c751e8b465ee728b)
Start importing Assets/Scenes using Guid(924a18e879c5dfd4a9893d6d42d43f09) Importer(815301076,1909f56bfc062723c751e8b465ee728b)  -> (artifact id: '13cee8d89bfd79dc43ad922214f86861') in 0.011910 seconds
  Import took 0.015634 seconds .

========================================================================
Received Import Request.
  Time since last request: 3.452088 seconds.
  path: Assets/Scenes/SampleScene.unity
  artifactKey: Guid(2cda990e2423bbf4892e6590ba056729) Importer(815301076,1909f56bfc062723c751e8b465ee728b)
Start importing Assets/Scenes/SampleScene.unity using Guid(2cda990e2423bbf4892e6590ba056729) Importer(815301076,1909f56bfc062723c751e8b465ee728b)  -> (artifact id: '694ca9c96bcf791ec7b87cc957ec53a1') in 0.024549 seconds
  Import took 0.029634 seconds .

========================================================================
Received Import Request.
  Time since last request: 48.223396 seconds.
  path: Assets/Scenes/Grid.unity
  artifactKey: Guid(2cda990e2423bbf4892e6590ba056729) Importer(815301076,1909f56bfc062723c751e8b465ee728b)
Start importing Assets/Scenes/Grid.unity using Guid(2cda990e2423bbf4892e6590ba056729) Importer(815301076,1909f56bfc062723c751e8b465ee728b)  -> (artifact id: 'a2c46ead92d3c2b8ba62e072b165c8aa') in 0.014832 seconds
  Import took 0.026902 seconds .

========================================================================
Received Import Request.
  Time since last request: 0.001500 seconds.
  path: Assets/Scenes/Grid.unity
  artifactKey: Guid(2cda990e2423bbf4892e6590ba056729) Importer(815301076,1909f56bfc062723c751e8b465ee728b)
Start importing Assets/Scenes/Grid.unity using Guid(2cda990e2423bbf4892e6590ba056729) Importer(815301076,1909f56bfc062723c751e8b465ee728b)  -> (artifact id: 'a2c46ead92d3c2b8ba62e072b165c8aa') in 0.006541 seconds
  Import took 0.013261 seconds .

========================================================================
Received Import Request.
  Time since last request: 5.927549 seconds.
  path: Assets
  artifactKey: Guid(00000000000000001000000000000000) Importer(815301076,1909f56bfc062723c751e8b465ee728b)
Start importing Assets using Guid(00000000000000001000000000000000) Importer(815301076,1909f56bfc062723c751e8b465ee728b)  -> (artifact id: '4a6e520b92ccfc61bcfa21a7bcab8468') in 0.016106 seconds
  Import took 0.019993 seconds .

========================================================================
Received Import Request.
  Time since last request: 5.496756 seconds.
  path: Assets/Scripts
  artifactKey: Guid(c90229bcb788097499887d0ed9d8c5e8) Importer(815301076,1909f56bfc062723c751e8b465ee728b)
Start importing Assets/Scripts using Guid(c90229bcb788097499887d0ed9d8c5e8) Importer(815301076,1909f56bfc062723c751e8b465ee728b)  -> (artifact id: 'aaa934cd73903deba3cceefa71b079d3') in 0.013213 seconds
  Import took 0.017538 seconds .

========================================================================
Received Import Request.
  Time since last request: 7.607439 seconds.
  path: Assets/NewBehaviourScript.cs
  artifactKey: Guid(da8d8d5b94de9c842a1d74e044022ab0) Importer(815301076,1909f56bfc062723c751e8b465ee728b)
Start importing Assets/NewBehaviourScript.cs using Guid(da8d8d5b94de9c842a1d74e044022ab0) Importer(815301076,1909f56bfc062723c751e8b465ee728b)  -> (artifact id: 'f3c41aa03fc786eb4a7a6615d7767150') in 0.068260 seconds
  Import took 0.071838 seconds .

========================================================================
Received Prepare
Registering precompiled user dll's ...
Registered in 0.001118 seconds.
Begin MonoManager ReloadAssembly
Native extension for WindowsStandalone target not found
Refreshing native plugins compatible for Editor in 0.37 ms, found 1 plugins.
Preloading 0 native plugins for Editor in 0.00 ms.
Invoked RoslynAnalysisRunner static constructor.
RoslynAnalysisRunner will not be running.
RoslynAnalysisRunner has terminated.
Mono: successfully reloaded assembly
- Completed reload, in  1.123 seconds
Platform modules already initialized, skipping
Refreshing native plugins compatible for Editor in 0.36 ms, found 1 plugins.
Preloading 0 native plugins for Editor in 0.00 ms.
Unloading 1788 Unused Serialized files (Serialized files now loaded: 0)
System memory in use before: 84.2 MB.
System memory in use after: 84.2 MB.

Unloading 12 unused Assets to reduce memory usage. Loaded Objects now: 2237.
Total: 3.352100 ms (FindLiveObjects: 0.305600 ms CreateObjectMapping: 0.075700 ms MarkObjects: 2.808600 ms  DeleteObjects: 0.160200 ms)

========================================================================
Received Prepare
Registering precompiled user dll's ...
Registered in 0.001141 seconds.
Begin MonoManager ReloadAssembly
Native extension for WindowsStandalone target not found
Refreshing native plugins compatible for Editor in 0.56 ms, found 1 plugins.
Preloading 0 native plugins for Editor in 0.00 ms.
Invoked RoslynAnalysisRunner static constructor.
RoslynAnalysisRunner will not be running.
RoslynAnalysisRunner has terminated.
Mono: successfully reloaded assembly
- Completed reload, in  1.015 seconds
Platform modules already initialized, skipping
Refreshing native plugins compatible for Editor in 0.38 ms, found 1 plugins.
Preloading 0 native plugins for Editor in 0.00 ms.
Unloading 1787 Unused Serialized files (Serialized files now loaded: 0)
System memory in use before: 84.3 MB.
System memory in use after: 84.3 MB.

Unloading 13 unused Assets to reduce memory usage. Loaded Objects now: 2239.
Total: 2.664000 ms (FindLiveObjects: 0.472800 ms CreateObjectMapping: 0.072900 ms MarkObjects: 1.940700 ms  DeleteObjects: 0.176700 ms)

========================================================================
Received Import Request.
  Time since last request: 19.656669 seconds.
  path: Assets/Sprites
  artifactKey: Guid(41f7852476989664f8502cb221116019) Importer(815301076,1909f56bfc062723c751e8b465ee728b)
Start importing Assets/Sprites using Guid(41f7852476989664f8502cb221116019) Importer(815301076,1909f56bfc062723c751e8b465ee728b)  -> (artifact id: 'cbf3be808cd852e5a7888d68482351e5') in 0.011486 seconds
  Import took 0.015177 seconds .

========================================================================
Received Import Request.
  Time since last request: 0.003300 seconds.
  path: Assets/Sprites
  artifactKey: Guid(41f7852476989664f8502cb221116019) Importer(815301076,1909f56bfc062723c751e8b465ee728b)
Start importing Assets/Sprites using Guid(41f7852476989664f8502cb221116019) Importer(815301076,1909f56bfc062723c751e8b465ee728b)  -> (artifact id: 'cbf3be808cd852e5a7888d68482351e5') in 0.004092 seconds
  Import took 0.008750 seconds .

========================================================================
Received Import Request.
  Time since last request: 18.544462 seconds.
  path: Assets/Prefabs
  artifactKey: Guid(727062d41a1b2414c9d25a73f4d41ff1) Importer(815301076,1909f56bfc062723c751e8b465ee728b)
Start importing Assets/Prefabs using Guid(727062d41a1b2414c9d25a73f4d41ff1) Importer(815301076,1909f56bfc062723c751e8b465ee728b)  -> (artifact id: '10ac5913f7db63d87d8059f3ee601030') in 0.011518 seconds
  Import took 0.017763 seconds .

AssetImportWorkerClient::OnTransportError - code=2 error=End of file
